<?xml version="1.0" encoding="UTF-8"?>
<!-- Generated by org.testng.reporters.JUnitReportReporter -->
<testsuite skipped="0" hostname="DESKTOP-JTFC6NM" name="APIAutomation.APIAutomation.VerifyResponseCode" tests="1" failures="0" timestamp="2022-11-14T23:47:23 IST" time="3.961" errors="0">
  <testcase name="VerifyResponseCode200" time="3.961" classname="APIAutomation.APIAutomation.VerifyResponseCode"/>
  <system-out/>
</testsuite> <!-- APIAutomation.APIAutomation.VerifyResponseCode -->
