<?xml version="1.0" encoding="UTF-8"?>
<!-- Generated by org.testng.reporters.JUnitReportReporter -->
<testsuite skipped="1" hostname="DESKTOP-JTFC6NM" name="test.APIAutomation.VerifyResponseCodeTest" tests="2" failures="0" timestamp="2023-01-28T23:36:33 IST" time="5.853" errors="0">
  <testcase name="callAPI" time="5.853" classname="test.APIAutomation.VerifyResponseCodeTest"/>
  <system-out/>
  <testcase name="VerifyResponseCode200" classname="test.APIAutomation.VerifyResponseCodeTest">
    <skipped/>
  </testcase> <!-- VerifyResponseCode200 -->
  <system-out/>
</testsuite> <!-- test.APIAutomation.VerifyResponseCodeTest -->
