<?xml version="1.0" encoding="UTF-8"?>
<!-- Generated by org.testng.reporters.JUnitReportReporter -->
<testsuite skipped="0" hostname="DESKTOP-JTFC6NM" name="test.APIAutomation.Demo" tests="1" failures="0" timestamp="2022-11-22T22:58:02 IST" time="0.008" errors="0">
  <testcase name="abc" time="0.008" classname="test.APIAutomation.Demo"/>
  <system-out/>
</testsuite> <!-- test.APIAutomation.Demo -->
