<?xml version="1.0" encoding="UTF-8"?>
<!-- Generated by org.testng.reporters.JUnitReportReporter -->
<testsuite skipped="0" hostname="DESKTOP-JTFC6NM" name="com.SeleniumWithMaven.ResumeSession" tests="2" failures="0" timestamp="2022-12-12T23:14:40 IST" time="17.965" errors="0">
  <testcase name="enterUsername" time="16.805" classname="com.SeleniumWithMaven.ResumeSession"/>
  <system-out/>
  <testcase name="enterPassword" time="1.160" classname="com.SeleniumWithMaven.ResumeSession"/>
  <system-out/>
</testsuite> <!-- com.SeleniumWithMaven.ResumeSession -->
