<?xml version="1.0" encoding="UTF-8"?>
<!-- Generated by org.testng.reporters.JUnitReportReporter -->
<testsuite ignored="1" hostname="SHUBHANKARs-MacBook-Air.local" failures="0" tests="1" name="tests.LoginTest" time="19.743" errors="0" timestamp="01 Sep 2023 21:44:28 GMT" skipped="0">
  <testcase classname="tests.LoginTest" name="VerifyApplicationLunch" time="19.743"/>
  <testcase classname="tests.LoginTest" name="AssignLeave">
    <skipped/>
  </testcase> <!-- AssignLeave -->
</testsuite> <!-- tests.LoginTest -->
