<?xml version="1.0" encoding="UTF-8"?>
<!-- Generated by org.testng.reporters.JUnitReportReporter -->
<testsuite ignored="1" hostname="SHUBHANKARs-MacBook-Air.local" failures="0" tests="1" name="tests.LoginTest" time="26.592" errors="0" timestamp="02 Sep 2023 06:12:02 GMT" skipped="0">
  <testcase classname="tests.LoginTest" name="VerifyApplicationLunch" time="26.592"/>
  <testcase classname="tests.LoginTest" name="AssignLeave">
    <skipped/>
  </testcase> <!-- AssignLeave -->
</testsuite> <!-- tests.LoginTest -->
