<?xml version="1.0" encoding="UTF-8"?>
<!-- Generated by org.testng.reporters.JUnitReportReporter -->
<testsuite hostname="Dell" name="tests.LoginTest" tests="1" failures="0" timestamp="25 Jun 2022 18:06:38 GMT" time="19.707" errors="0">
  <testcase name="VerifyApplicationLunch" time="19.707" classname="tests.LoginTest"/>
</testsuite> <!-- tests.LoginTest -->
