<?xml version="1.0" encoding="UTF-8"?>
<!-- Generated by org.testng.reporters.JUnitReportReporter -->
<testsuite name="tests.LoginT" tests="1" time="0.219" ignored="0" failures="0" timestamp="09 Jun 2022 05:45:32 GMT" skipped="0" hostname="Dell" errors="0">
  <testcase name="VerifyApplicationLunch" time="0.219" classname="tests.LoginT"/>
</testsuite> <!-- tests.LoginT -->
